<?xml version="1.0" encoding="UTF-8"?>
<!-- Generated by org.testng.reporters.JUnitReportReporter -->
<testsuite skipped="0" hostname="Nicky-PC" name="com.webcom.test.ValidLogin" tests="1" failures="0" timestamp="30 Sep 2017 09:09:30 GMT" time="9.238" errors="0">
  <testcase name="testValidLogin" time="9.238" classname="com.webcom.test.ValidLogin"/>
</testsuite> <!-- com.webcom.test.ValidLogin -->
