<?xml version="1.0" encoding="UTF-8"?>
<!-- Generated by org.testng.reporters.JUnitReportReporter -->
<testsuite skipped="0" hostname="Nicky-PC" name="com.webcom.test.ValidLoginTest" tests="1" failures="0" timestamp="02 Oct 2017 18:15:37 GMT" time="5.368" errors="0">
  <testcase name="testValidLogin" time="5.368" classname="com.webcom.test.ValidLoginTest"/>
</testsuite> <!-- com.webcom.test.ValidLoginTest -->
