<?xml version="1.0" encoding="UTF-8"?>
<!-- Generated by org.testng.reporters.JUnitReportReporter -->
<testsuite hostname="Nicky-PC" name="com.webcom.test.ValidLogin" tests="1" failures="0" timestamp="30 Sep 2017 09:10:08 GMT" time="9.826" errors="0">
  <testcase name="testValidLogin" time="9.826" classname="com.webcom.test.ValidLogin"/>
</testsuite> <!-- com.webcom.test.ValidLogin -->
